\BOOKMARK [1][-]{section.1}{\376\377\000R\000\351\000g\000r\000e\000s\000s\000i\000o\000n\000\040\000l\000i\000n\000\351\000a\000i\000r\000e\000\040\000s\000i\000m\000p\000l\000e}{}% 1
\BOOKMARK [1][-]{section.2}{\376\377\000C\000o\000u\000r\000b\000e\000\040\000\351\000t\000a\000l\000o\000n}{}% 2
\BOOKMARK [1][-]{section.3}{\376\377\000U\000.\000S\000.\000\040\000C\000e\000n\000s\000u\000s}{}% 3
\BOOKMARK [2][-]{subsection.3.1}{}{section.3}% 4
\BOOKMARK [2][-]{subsection.3.2}{}{section.3}% 5
\BOOKMARK [1][-]{section.4}{\376\377\000M\000a\000i\000n\000t\000e\000n\000a\000n\000c\000e\000\040\000d\000'\000u\000n\000\040\000r\000\351\000s\000e\000a\000u\000\040\000d\000e\000\040\000d\000i\000s\000t\000r\000i\000b\000u\000t\000i\000o\000n}{}% 6
\BOOKMARK [2][-]{subsection.4.1}{}{section.4}% 7
\BOOKMARK [2][-]{subsection.4.2}{}{section.4}% 8
\BOOKMARK [1][-]{section.5}{\376\377\000P\000r\000o\000d\000u\000c\000t\000i\000o\000n\000\040\000d\000'\000u\000n\000e\000\040\000\351\000o\000l\000i\000e\000n\000n\000e}{}% 9
\BOOKMARK [2][-]{subsection.5.1}{}{section.5}% 10
\BOOKMARK [2][-]{subsection.5.2}{}{section.5}% 11
\BOOKMARK [1][-]{section.6}{\376\377\000G\000\351\000o\000r\000\351\000f\000\351\000r\000e\000n\000c\000e\000\040\000d\000'\000u\000n\000e\000\040\000i\000m\000a\000g\000e\000\040\000s\000a\000t\000e\000l\000l\000i\000t\000e}{}% 12
\BOOKMARK [2][-]{subsection.6.1}{}{section.6}% 13
\BOOKMARK [2][-]{subsection.6.2}{}{section.6}% 14
\BOOKMARK [2][-]{subsection.6.3}{}{section.6}% 15
\BOOKMARK [1][-]{section.7}{\376\377\000R\000\351\000s\000e\000r\000v\000o\000i\000r\000\040\000c\000y\000l\000i\000n\000d\000r\000i\000q\000u\000e}{}% 16
\BOOKMARK [2][-]{subsection.7.1}{}{section.7}% 17
\BOOKMARK [1][-]{section.8}{\376\377\000O\000c\000t\000o\000g\000o\000n\000e\000\040\000e\000n\000t\000r\000e\000\040\000r\000e\000u\000f\000s}{}% 18
\BOOKMARK [2][-]{subsection.8.1}{}{section.8}% 19
\BOOKMARK [1][-]{section.9}{\376\377\000N\000e\000u\000r\000o\000n\000e}{}% 20
\BOOKMARK [2][-]{subsection.9.1}{}{section.9}% 21
\BOOKMARK [2][-]{subsection.9.2}{}{section.9}% 22
\BOOKMARK [2][-]{subsection.9.3}{}{section.9}% 23
